[    0.000000] Initializing cgroup subsys cpuset
[    0.000000] Initializing cgroup subsys cpu
[    0.000000] Initializing cgroup subsys cpuacct
[    0.000000] Linux version 4.4.0-210-generic (buildd@lgw01-amd64-009) (gcc version 5.4.0 20160609 (Ubuntu 5.4.0-6ubuntu1~16.04.12) ) #242-Ubuntu SMP Fri Apr 16 09:57:56 UTC 2021 (Ubuntu 4.4.0-210.242-generic 4.4.262)
[    0.000000] Command line: BOOT_IMAGE=/boot/vmlinuz-4.4.0-210-generic root=LABEL=cloudimg-rootfs ro console=tty1 console=ttyS0
[    0.000000] KERNEL supported cpus:
[    0.000000]   Intel GenuineIntel
[    0.000000]   AMD AuthenticAMD
[    0.000000]   Centaur CentaurHauls
[    0.000000] x86/fpu: xstate_offset[2]:  576, xstate_sizes[2]:  256
[    0.000000] x86/fpu: Supporting XSAVE feature 0x01: 'x87 floating point registers'
[    0.000000] x86/fpu: Supporting XSAVE feature 0x02: 'SSE registers'
[    0.000000] x86/fpu: Supporting XSAVE feature 0x04: 'AVX registers'
[    0.000000] x86/fpu: Enabled xstate features 0x7, context size is 832 bytes, using 'standard' format.
[    0.000000] e820: BIOS-provided physical RAM map:
[    0.000000] BIOS-e820: [mem 0x0000000000000000-0x000000000009fbff] usable
[    0.000000] BIOS-e820: [mem 0x000000000009fc00-0x000000000009ffff] reserved
[    0.000000] BIOS-e820: [mem 0x00000000000f0000-0x00000000000fffff] reserved
[    0.000000] BIOS-e820: [mem 0x0000000000100000-0x000000003ffeffff] usable
[    0.000000] BIOS-e820: [mem 0x000000003fff0000-0x000000003fffffff] ACPI data
[    0.000000] BIOS-e820: [mem 0x00000000fec00000-0x00000000fec00fff] reserved
[    0.000000] BIOS-e820: [mem 0x00000000fee00000-0x00000000fee00fff] reserved
[    0.000000] BIOS-e820: [mem 0x00000000fffc0000-0x00000000ffffffff] reserved
[    0.000000] NX (Execute Disable) protection: active
[    0.000000] SMBIOS 2.5 present.
[    0.000000] Hypervisor detected: KVM
[    0.000000] e820: last_pfn = 0x3fff0 max_arch_pfn = 0x400000000
[    0.000000] MTRR: Disabled
[    0.000000] x86/PAT: MTRRs disabled, skipping PAT initialization too.
[    0.000000] CPU MTRRs all blank - virtualized system.
[    0.000000] x86/PAT: Configuration [0-7]: WB  WT  UC- UC  WB  WT  UC- UC  
[    0.000000] found SMP MP-table at [mem 0x0009fff0-0x0009ffff] mapped at [ffff88000009fff0]
[    0.000000] Scanning 1 areas for low memory corruption
[    0.000000] RAMDISK: [mem 0x362dc000-0x37165fff]
[    0.000000] ACPI: Early table checksum verification disabled
[    0.000000] ACPI: RSDP 0x00000000000E0000 000024 (v02 VBOX  )
[    0.000000] ACPI: XSDT 0x000000003FFF0030 00003C (v01 VBOX   VBOXXSDT 00000001 ASL  00000061)
[    0.000000] ACPI: FACP 0x000000003FFF00F0 0000F4 (v04 VBOX   VBOXFACP 00000001 ASL  00000061)
[    0.000000] ACPI: DSDT 0x000000003FFF0470 002325 (v02 VBOX   VBOXBIOS 00000002 INTL 20100528)
[    0.000000] ACPI: FACS 0x000000003FFF0200 000040
[    0.000000] ACPI: FACS 0x000000003FFF0200 000040
[    0.000000] ACPI: APIC 0x000000003FFF0240 00005C (v02 VBOX   VBOXAPIC 00000001 ASL  00000061)
[    0.000000] ACPI: SSDT 0x000000003FFF02A0 0001CC (v01 VBOX   VBOXCPUT 00000002 INTL 20100528)
[    0.000000] No NUMA configuration found
[    0.000000] Faking a node at [mem 0x0000000000000000-0x000000003ffeffff]
[    0.000000] NODE_DATA(0) allocated [mem 0x3ffeb000-0x3ffeffff]
[    0.000000] kvm-clock: Using msrs 4b564d01 and 4b564d00
[    0.000000] kvm-clock: cpu 0, msr 0:3ffe3001, primary cpu clock
[    0.000000] kvm-clock: using sched offset of 3928778640 cycles
[    0.000000] clocksource: kvm-clock: mask: 0xffffffffffffffff max_cycles: 0x1cd42e4dffb, max_idle_ns: 881590591483 ns
[    0.000000] Zone ranges:
[    0.000000]   DMA      [mem 0x0000000000001000-0x0000000000ffffff]
[    0.000000]   DMA32    [mem 0x0000000001000000-0x000000003ffeffff]
[    0.000000]   Normal   empty
[    0.000000]   Device   empty
[    0.000000] Movable zone start for each node
[    0.000000] Early memory node ranges
[    0.000000]   node   0: [mem 0x0000000000001000-0x000000000009efff]
[    0.000000]   node   0: [mem 0x0000000000100000-0x000000003ffeffff]
[    0.000000] Initmem setup node 0 [mem 0x0000000000001000-0x000000003ffeffff]
[    0.000000] ACPI: PM-Timer IO Port: 0x4008
[    0.000000] IOAPIC[0]: apic_id 2, version 32, address 0xfec00000, GSI 0-23
[    0.000000] ACPI: INT_SRC_OVR (bus 0 bus_irq 0 global_irq 2 dfl dfl)
[    0.000000] ACPI: INT_SRC_OVR (bus 0 bus_irq 9 global_irq 9 low level)
[    0.000000] Using ACPI (MADT) for SMP configuration information
[    0.000000] smpboot: Allowing 2 CPUs, 0 hotplug CPUs
[    0.000000] PM: Registered nosave memory: [mem 0x00000000-0x00000fff]
[    0.000000] PM: Registered nosave memory: [mem 0x0009f000-0x0009ffff]
[    0.000000] PM: Registered nosave memory: [mem 0x000a0000-0x000effff]
[    0.000000] PM: Registered nosave memory: [mem 0x000f0000-0x000fffff]
[    0.000000] e820: [mem 0x40000000-0xfebfffff] available for PCI devices
[    0.000000] Booting paravirtualized kernel on KVM
[    0.000000] clocksource: refined-jiffies: mask: 0xffffffff max_cycles: 0xffffffff, max_idle_ns: 7645519600211568 ns
[    0.000000] setup_percpu: NR_CPUS:512 nr_cpumask_bits:512 nr_cpu_ids:2 nr_node_ids:1
[    0.000000] PERCPU: Embedded 33 pages/cpu @ffff88003fc00000 s95192 r8192 d31784 u1048576
[    0.000000] Built 1 zonelists in Node order, mobility grouping on.  Total pages: 257912
[    0.000000] Policy zone: DMA32
[    0.000000] Kernel command line: BOOT_IMAGE=/boot/vmlinuz-4.4.0-210-generic root=LABEL=cloudimg-rootfs ro console=tty1 console=ttyS0
[    0.000000] PID hash table entries: 4096 (order: 3, 32768 bytes)
[    0.000000] Memory: 997792K/1048120K available (8644K kernel code, 1332K rwdata, 4044K rodata, 1492K init, 1164K bss, 50328K reserved, 0K cma-reserved)
[    0.000000] SLUB: HWalign=64, Order=0-3, MinObjects=0, CPUs=2, Nodes=1
[    0.000000] Kernel/User page tables isolation: enabled
[    0.000000] Hierarchical RCU implementation.
[    0.000000] 	Build-time adjustment of leaf fanout to 64.
[    0.000000] 	RCU restricting CPUs from NR_CPUS=512 to nr_cpu_ids=2.
[    0.000000] RCU: Adjusting geometry for rcu_fanout_leaf=64, nr_cpu_ids=2
[    0.000000] NR_IRQS:33024 nr_irqs:440 16
[    0.000000] Console: colour VGA+ 80x25
[    0.000000] console [tty1] enabled
[    0.000000] console [ttyS0] enabled
[    0.000000] tsc: Detected 3392.296 MHz processor
[    0.287617] Calibrating delay loop (skipped) preset value.. 6784.59 BogoMIPS (lpj=13569184)
[    0.291008] pid_max: default: 32768 minimum: 301
[    0.292741] ACPI: Core revision 20150930
[    0.297716] ACPI: 2 ACPI AML tables successfully acquired and loaded
[    0.300142] Security Framework initialized
[    0.301769] Yama: becoming mindful.
[    0.303341] AppArmor: AppArmor initialized
[    0.305114] Dentry cache hash table entries: 131072 (order: 8, 1048576 bytes)
[    0.309689] Inode-cache hash table entries: 65536 (order: 7, 524288 bytes)
[    0.312399] Mount-cache hash table entries: 2048 (order: 2, 16384 bytes)
[    0.314737] Mountpoint-cache hash table entries: 2048 (order: 2, 16384 bytes)
[    0.317381] Initializing cgroup subsys io
[    0.318941] Initializing cgroup subsys memory
[    0.320709] Initializing cgroup subsys devices
[    0.322395] Initializing cgroup subsys freezer
[    0.324082] Initializing cgroup subsys net_cls
[    0.325772] Initializing cgroup subsys perf_event
[    0.327581] Initializing cgroup subsys net_prio
[    0.329332] Initializing cgroup subsys hugetlb
[    0.331056] Initializing cgroup subsys pids
[    0.333031] mce: CPU supports 0 MCE banks
[    0.334610] Last level iTLB entries: 4KB 512, 2MB 8, 4MB 8
[    0.336627] Last level dTLB entries: 4KB 512, 2MB 32, 4MB 32, 1GB 0
[    0.338909] Spectre V1 : Mitigation: usercopy/swapgs barriers and __user pointer sanitization
[    0.342076] Spectre V2 : Mitigation: Full generic retpoline
[    0.344110] Spectre V2 : Spectre v2 / SpectreRSB mitigation: Filling RSB on context switch
[    0.347253] Speculative Store Bypass: Vulnerable
[    0.348969] SRBDS: Unknown: Dependent on hypervisor status
[    0.351105] MDS: Mitigation: Clear CPU buffers
[    0.357885] Freeing SMP alternatives memory: 36K
[    0.370029] ftrace: allocating 32380 entries in 127 pages
[    0.475403] smpboot: APIC(0) Converting physical 0 to logical package 0
[    0.477679] smpboot: Max logical packages: 1
[    0.480224] x2apic enabled
[    0.482085] Switched APIC routing to physical x2apic.
[    0.487001] ..TIMER: vector=0x30 apic1=0 pin1=2 apic2=-1 pin2=-1
[    0.597412] smpboot: CPU0: Intel(R) Core(TM) i7-3770 CPU @ 3.40GHz (family: 0x6, model: 0x3a, stepping: 0x9)
[    0.601674] Performance Events: unsupported p6 CPU model 58 no PMU driver, software events only.
[    0.620305] KVM setup paravirtual spinlock
[    0.622812] x86: Booting SMP configuration:
[    0.624423] .... node  #0, CPUs:      #1
[    0.626049] kvm-clock: cpu 1, msr 0:3ffe3041, secondary cpu clock
[    0.627726] mce: CPU supports 0 MCE banks
[    0.630571] x86: Booted up 1 node, 2 CPUs
[    0.632723] smpboot: Total of 2 processors activated (13569.18 BogoMIPS)
[    0.635878] devtmpfs: initialized
[    0.647394] evm: security.selinux
[    0.648799] evm: security.SMACK64
[    0.650221] evm: security.SMACK64EXEC
[    0.651789] evm: security.SMACK64TRANSMUTE
[    0.653426] evm: security.SMACK64MMAP
[    0.654960] evm: security.ima
[    0.656317] evm: security.capability
[    0.658121] clocksource: jiffies: mask: 0xffffffff max_cycles: 0xffffffff, max_idle_ns: 7645041785100000 ns
[    0.661792] futex hash table entries: 512 (order: 3, 32768 bytes)
[    0.664572] pinctrl core: initialized pinctrl subsystem
[    0.666843] RTC time: 19:22:01, date: 11/20/22
[    0.668867] NET: Registered protocol family 16
[    0.683369] cpuidle: using governor ladder
[    0.695101] cpuidle: using governor menu
[    0.696877] PCCT header not found.
[    0.698480] ACPI: bus type PCI registered
[    0.700112] acpiphp: ACPI Hot Plug PCI Controller Driver version: 0.5
[    0.702525] PCI: Using configuration type 1 for base access
[    0.720471] ACPI: Added _OSI(Module Device)
[    0.722361] ACPI: Added _OSI(Processor Device)
[    0.724145] ACPI: Added _OSI(3.0 _SCP Extensions)
[    0.725896] ACPI: Added _OSI(Processor Aggregator Device)
[    0.729327] ACPI: Executed 1 blocks of module-level executable AML code
[    0.737029] ACPI: Interpreter enabled
[    0.738697] ACPI: (supports S0 S5)
[    0.740196] ACPI: Using IOAPIC for interrupt routing
[    0.742388] PCI: Using host bridge windows from ACPI; if necessary, use "pci=nocrs" and report a bug
[    0.754294] ACPI: PCI Root Bridge [PCI0] (domain 0000 [bus 00-ff])
[    0.756695] acpi PNP0A03:00: _OSC: OS supports [ASPM ClockPM Segments MSI]
[    0.759933] acpi PNP0A03:00: _OSC: not requesting OS control; OS requires [ExtendedConfig ASPM ClockPM MSI]
[    0.763460] acpi PNP0A03:00: fail to add MMCONFIG information, can't access extended PCI configuration space under this bridge.
[    0.768143] PCI host bridge to bus 0000:00
[    0.769757] pci_bus 0000:00: root bus resource [io  0x0000-0x0cf7 window]
[    0.772218] pci_bus 0000:00: root bus resource [io  0x0d00-0xffff window]
[    0.774569] pci_bus 0000:00: root bus resource [mem 0x000a0000-0x000bffff window]
[    0.777710] pci_bus 0000:00: root bus resource [mem 0x40000000-0xfdffffff window]
[    0.781063] pci_bus 0000:00: root bus resource [bus 00-ff]
[    0.786064] pci 0000:00:01.1: legacy IDE quirk: reg 0x10: [io  0x01f0-0x01f7]
[    0.788709] pci 0000:00:01.1: legacy IDE quirk: reg 0x14: [io  0x03f6]
[    0.791061] pci 0000:00:01.1: legacy IDE quirk: reg 0x18: [io  0x0170-0x0177]
[    0.816819] pci 0000:00:01.1: legacy IDE quirk: reg 0x1c: [io  0x0376]
[    0.834934] pci 0000:00:07.0: quirk: [io  0x4000-0x403f] claimed by PIIX4 ACPI
[    0.838156] pci 0000:00:07.0: quirk: [io  0x4100-0x410f] claimed by PIIX4 SMB
[    0.851038] ACPI: PCI Interrupt Link [LNKA] (IRQs 5 9 10 *11)
[    0.854393] ACPI: PCI Interrupt Link [LNKB] (IRQs 5 9 *10 11)
[    0.857482] ACPI: PCI Interrupt Link [LNKC] (IRQs 5 *9 10 11)
[    0.860422] ACPI: PCI Interrupt Link [LNKD] (IRQs 5 9 10 *11)
[    0.863335] ACPI: Enabled 2 GPEs in block 00 to 07
[    0.865686] vgaarb: setting as boot device: PCI:0000:00:02.0
[    0.867722] vgaarb: device added: PCI:0000:00:02.0,decodes=io+mem,owns=io+mem,locks=none
[    0.871014] vgaarb: loaded
[    0.872292] vgaarb: bridge control possible 0000:00:02.0
[    0.874654] SCSI subsystem initialized
[    0.876363] ACPI: bus type USB registered
[    0.877999] usbcore: registered new interface driver usbfs
[    0.880024] usbcore: registered new interface driver hub
[    0.881967] usbcore: registered new device driver usb
[    0.885769] PCI: Using ACPI for IRQ routing
[    0.887960] NetLabel: Initializing
[    0.889418] NetLabel:  domain hash size = 128
[    0.891119] NetLabel:  protocols = UNLABELED CIPSOv4
[    0.893072] NetLabel:  unlabeled traffic allowed by default
[    0.895241] amd_nb: Cannot enumerate AMD northbridges
[    0.897248] clocksource: Switched to clocksource kvm-clock
[    0.915087] AppArmor: AppArmor Filesystem Enabled
[    0.917095] pnp: PnP ACPI init
[    0.920127] pnp: PnP ACPI: found 3 devices
[    0.930687] clocksource: acpi_pm: mask: 0xffffff max_cycles: 0xffffff, max_idle_ns: 2085701024 ns
[    0.934123] NET: Registered protocol family 2
[    0.936080] TCP established hash table entries: 8192 (order: 4, 65536 bytes)
[    0.938821] TCP bind hash table entries: 8192 (order: 5, 131072 bytes)
[    0.941429] TCP: Hash tables configured (established 8192 bind 8192)
[    0.943699] UDP hash table entries: 512 (order: 2, 16384 bytes)
[    0.945774] UDP-Lite hash table entries: 512 (order: 2, 16384 bytes)
[    0.948078] NET: Registered protocol family 1
[    0.949743] pci 0000:00:00.0: Limiting direct PCI/PCI transfers
[    0.951932] pci 0000:00:01.0: Activating ISA DMA hang workarounds
[    0.954244] Unpacking initramfs...
[    1.364807] Freeing initrd memory: 14888K
[    1.367150] RAPL PMU detected, API unit is 2^-32 Joules, 3 fixed counters 10737418240 ms ovfl timer
[    1.370384] hw unit of domain pp0-core 2^-0 Joules
[    1.372182] hw unit of domain package 2^-0 Joules
[    1.373888] hw unit of domain pp1-gpu 2^-0 Joules
[    1.375670] clocksource: tsc: mask: 0xffffffffffffffff max_cycles: 0x30e5e08003f, max_idle_ns: 440795205735 ns
[    1.379251] platform rtc_cmos: registered platform RTC device (no PNP device found)
[    1.382438] Scanning for low memory corruption every 60 seconds
[    1.384955] audit: initializing netlink subsys (disabled)
[    1.386990] audit: type=2000 audit(1668972127.809:1): initialized
[    1.389658] Initialise system trusted keyring
[    1.391622] HugeTLB registered 2 MB page size, pre-allocated 0 pages
[    1.396652] zbud: loaded
[    1.398361] VFS: Disk quotas dquot_6.6.0
[    1.400140] VFS: Dquot-cache hash table entries: 512 (order 0, 4096 bytes)
[    1.403047] squashfs: version 4.0 (2009/01/31) Phillip Lougher
[    1.405624] fuse init (API version 7.23)
[    1.407400] Key type big_key registered
[    1.408981] Allocating IMA MOK and blacklist keyrings.
[    1.412529] Key type asymmetric registered
[    1.414208] Asymmetric key parser 'x509' registered
[    1.416055] Block layer SCSI generic (bsg) driver version 0.4 loaded (major 249)
[    1.419045] io scheduler noop registered
[    1.420595] io scheduler deadline registered (default)
[    1.422607] io scheduler cfq registered
[    1.424258] pci_hotplug: PCI Hot Plug PCI Core version: 0.5
[    1.426263] pciehp: PCI Express Hot Plug Controller Driver version: 0.4
[    1.428633] ACPI: AC Adapter [AC] (on-line)
[    1.430342] input: Power Button as /devices/LNXSYSTM:00/LNXPWRBN:00/input/input0
[    1.433361] ACPI: Power Button [PWRF]
[    1.435025] input: Sleep Button as /devices/LNXSYSTM:00/LNXSLPBN:00/input/input1
[    1.437940] ACPI: Sleep Button [SLPF]
[    1.440010] GHES: HEST is not enabled!
[    1.441653] Serial: 8250/16550 driver, 32 ports, IRQ sharing enabled
[    1.464931] 00:02: ttyS0 at I/O 0x3f8 (irq = 4, base_baud = 115200) is a 16550A
[    1.470186] Linux agpgart interface v0.103
[    1.473870] loop: module loaded
[    1.476244] scsi host0: ata_piix
[    1.477995] scsi host1: ata_piix
[    1.479554] ata1: PATA max UDMA/33 cmd 0x1f0 ctl 0x3f6 bmdma 0xd000 irq 14
[    1.482144] ata2: PATA max UDMA/33 cmd 0x170 ctl 0x376 bmdma 0xd008 irq 15
[    1.484987] libphy: Fixed MDIO Bus: probed
[    1.486674] tun: Universal TUN/TAP device driver, 1.6
[    1.488532] tun: (C) 1999-2004 Max Krasnyansky <maxk@qualcomm.com>
[    1.491134] PPP generic driver version 2.4.2
[    1.493047] ehci_hcd: USB 2.0 'Enhanced' Host Controller (EHCI) Driver
[    1.495409] ehci-pci: EHCI PCI platform driver
[    1.497387] ehci-platform: EHCI generic platform driver
[    1.499521] ohci_hcd: USB 1.1 'Open' Host Controller (OHCI) Driver
[    1.501693] ohci-pci: OHCI PCI platform driver
[    1.503414] ohci-platform: OHCI generic platform driver
[    1.505281] uhci_hcd: USB Universal Host Controller Interface driver
[    1.507661] i8042: PNP: PS/2 Controller [PNP0303:PS2K,PNP0f03:PS2M] at 0x60,0x64 irq 1,12
[    1.511465] serio: i8042 KBD port at 0x60,0x64 irq 1
[    1.513306] serio: i8042 AUX port at 0x60,0x64 irq 12
[    1.515445] mousedev: PS/2 mouse device common for all mice
[    1.518157] rtc_cmos rtc_cmos: rtc core: registered rtc_cmos as rtc0
[    1.520542] rtc_cmos rtc_cmos: alarms up to one day, 114 bytes nvram
[    1.523090] input: AT Translated Set 2 keyboard as /devices/platform/i8042/serio0/input/input2
[    1.526740] i2c /dev entries driver
[    1.528361] device-mapper: uevent: version 1.0.3
[    1.530217] device-mapper: ioctl: 4.34.0-ioctl (2015-10-28) initialised: dm-devel@redhat.com
[    1.533434] ledtrig-cpu: registered to indicate activity on CPUs
[    1.536074] NET: Registered protocol family 10
[    1.538062] NET: Registered protocol family 17
[    1.539784] Key type dns_resolver registered
[    1.541931] registered taskstats version 1
[    1.543791] Loading compiled-in X.509 certificates
[    1.546443] Loaded X.509 cert 'Build time autogenerated kernel key: cf00e047681d67edb2720680708b7d9498083038'
[    1.550050] zswap: loaded using pool lzo/zbud
[    1.554050] Key type trusted registered
[    1.560857] Key type encrypted registered
[    1.562574] AppArmor: AppArmor sha1 policy hashing enabled
[    1.564684] ima: No TPM chip found, activating TPM-bypass!
[    1.566910] ima: Allocated hash algorithm: sha1
[    1.568864] evm: HMAC attrs: 0x1
[    1.571109]   Magic number: 14:373:395
[    1.572895] pci 0000:00:07.0: hash matches
[    1.575028] rtc_cmos rtc_cmos: setting system clock to 2022-11-20 19:22:02 UTC (1668972122)
[    1.578513] BIOS EDD facility v0.16 2004-Jun-25, 0 devices found
[    1.580851] EDD information not available.
[    1.668099] Freeing unused kernel memory: 1492K
[    1.670509] Write protecting the kernel read-only data: 14336k
[    1.673392] Freeing unused kernel memory: 1584K
[    1.675429] Freeing unused kernel memory: 52K
Loading, please wait...
starting version 229
[    1.695444] random: systemd-udevd: uninitialized urandom read (16 bytes read, 2 bits of entropy available)
[    1.696500] random: udevadm: uninitialized urandom read (16 bytes read, 2 bits of entropy available)
[    1.696526] random: udevadm: uninitialized urandom read (16 bytes read, 2 bits of entropy available)
[    1.706258] random: systemd-udevd: uninitialized urandom read (16 bytes read, 2 bits of entropy available)
[    1.709833] random: systemd-udevd: uninitialized urandom read (16 bytes read, 2 bits of entropy available)
[    1.712852] random: udevadm: uninitialized urandom read (16 bytes read, 2 bits of entropy available)
[    1.712921] random: udevadm: uninitialized urandom read (16 bytes read, 2 bits of entropy available)
[    1.713173] random: udevadm: uninitialized urandom read (16 bytes read, 2 bits of entropy available)
[    1.713265] random: udevadm: uninitialized urandom read (16 bytes read, 2 bits of entropy available)
[    1.713419] random: udevadm: uninitialized urandom read (16 bytes read, 2 bits of entropy available)
[    1.793246] e1000: Intel(R) PRO/1000 Network Driver - version 7.3.21-k8-NAPI
[    1.795736] e1000: Copyright (c) 1999-2006 Intel Corporation.
[    1.806991] Fusion MPT base driver 3.04.20
[    1.808674] Copyright (c) 1999-2008 LSI Corporation
[    1.831012] AVX version of gcm_enc/dec engaged.
[    1.832832] AES CTR mode by8 optimization enabled
[    1.836347] Fusion MPT SPI Host driver 3.04.20
[    2.026258] input: ImExPS/2 Generic Explorer Mouse as /devices/platform/i8042/serio1/input/input4
[    2.397843] e1000 0000:00:03.0 eth0: (PCI:33MHz:32-bit) 02:be:82:6b:cc:1d
[    2.403400] e1000 0000:00:03.0 eth0: Intel(R) PRO/1000 Network Connection
[    2.412019] mptbase: ioc0: Initiating bringup
[    3.173780] ioc0: LSI53C1030 A0: Capabilities={Initiator}
[    5.038920] scsi host2: ioc0: LSI53C1030 A0, FwRev=00000000h, Ports=1, MaxQ=256, IRQ=20
[    6.107356] scsi 2:0:0:0: Direct-Access     VBOX     HARDDISK         1.0  PQ: 0 ANSI: 5
[    6.112282] scsi target2:0:0: Beginning Domain Validation
[    6.119927] scsi target2:0:0: Domain Validation skipping write tests
[    6.123368] scsi target2:0:0: Ending Domain Validation
[    6.126345] scsi target2:0:0: asynchronous
[    6.129854] scsi 2:0:1:0: Direct-Access     VBOX     HARDDISK         1.0  PQ: 0 ANSI: 5
[    6.158068] scsi target2:0:1: Beginning Domain Validation
[    6.162361] scsi target2:0:1: Domain Validation skipping write tests
[    6.164635] scsi target2:0:1: Ending Domain Validation
[    6.166727] scsi target2:0:1: asynchronous
[    6.186962] sd 2:0:0:0: Attached scsi generic sg0 type 0
[    6.189176] sd 2:0:0:0: [sda] 83886080 512-byte logical blocks: (42.9 GB/40.0 GiB)
[    6.193488] sd 2:0:1:0: Attached scsi generic sg1 type 0
[    6.196116] sd 2:0:0:0: [sda] Write Protect is off
[    6.198165] sd 2:0:1:0: [sdb] 20480 512-byte logical blocks: (10.5 MB/10.0 MiB)
[    6.202581] sd 2:0:0:0: [sda] Incomplete mode parameter data
[    6.204853] sd 2:0:0:0: [sda] Assuming drive cache: write through
[    6.207219] sd 2:0:1:0: [sdb] Write Protect is off
[    6.209856] sd 2:0:1:0: [sdb] Incomplete mode parameter data
[    6.212065] sd 2:0:1:0: [sdb] Assuming drive cache: write through
[    6.219491]  sda: sda1
[    6.222317] sd 2:0:0:0: [sda] Attached SCSI disk
[    6.225354] sd 2:0:1:0: [sdb] Attached SCSI disk
[    7.080368] e1000 0000:00:08.0 eth1: (PCI:33MHz:32-bit) 08:00:27:b7:4f:37
[    7.086303] e1000 0000:00:08.0 eth1: Intel(R) PRO/1000 Network Connection
[    7.093670] e1000 0000:00:08.0 enp0s8: renamed from eth1
[    7.110778] e1000 0000:00:03.0 enp0s3: renamed from eth0
Begin: Loading essential drivers ... [    8.948100] md: linear personality registered for level -1
[    8.953611] md: multipath personality registered for level -4
[    8.959041] md: raid0 personality registered for level 0
[    8.966432] md: raid1 personality registered for level 1
[    9.041334] raid6: sse2x1   gen()  2825 MB/s
[    9.109328] raid6: sse2x1   xor()  1894 MB/s
[    9.177380] raid6: sse2x2   gen()  5183 MB/s
[    9.245318] raid6: sse2x2   xor()  3122 MB/s
[    9.313301] raid6: sse2x4   gen()  7864 MB/s
[    9.381397] raid6: sse2x4   xor()  4588 MB/s
[    9.383473] raid6: using algorithm sse2x4 gen() 7864 MB/s
[    9.385577] raid6: .... xor() 4588 MB/s, rmw enabled
[    9.387607] raid6: using ssse3x2 recovery algorithm
[    9.391478] xor: automatically using best checksumming function:
[    9.429375]    avx       : 18715.000 MB/sec
[    9.432618] async_tx: api initialized (async)
[    9.447691] md: raid6 personality registered for level 6
[    9.449813] md: raid5 personality registered for level 5
[    9.452161] md: raid4 personality registered for level 4
[    9.462885] md: raid10 personality registered for level 10
done.
Begin: Running /scripts/init-premount ... done.
Begin: Mounting root file system ... Begin: Running /scripts/local-top ... done.
Begin: Running /scripts/local-premount ... [    9.515252] Btrfs loaded
Scanning for Btrfs filesystems
done.
Warning: fsck not present, so skipping root file system
[    9.557249] EXT4-fs (sda1): mounted filesystem with ordered data mode. Opts: (null)
done.
Begin: Running /scripts/local-bottom ... done.
Begin: Running /scripts/init-bottom ... done.
[    9.683451] systemd[1]: systemd 229 running in system mode. (+PAM +AUDIT +SELINUX +IMA +APPARMOR +SMACK +SYSVINIT +UTMP +LIBCRYPTSETUP +GCRYPT +GNUTLS +ACL +XZ -LZ4 +SECCOMP +BLKID +ELFUTILS +KMOD -IDN)
[    9.689650] systemd[1]: Detected virtualization oracle.
[    9.691527] systemd[1]: Detected architecture x86-64.

Welcome to [1mUbuntu 16.04.7 LTS[0m!

[    9.696863] systemd[1]: Set hostname to <ubuntu>.
[    9.701389] systemd[1]: Initializing machine ID from random generator.
[    9.703845] systemd[1]: Installed transient /etc/machine-id file.
[    9.862987] systemd[1]: Listening on fsck to fsckd communication Socket.
[[0;32m  OK  [0m] Listening on fsck to fsckd communication Socket.
[    9.866791] systemd[1]: Listening on Journal Audit Socket.
[[0;32m  OK  [0m] Listening on Journal Audit Socket.
[    9.870593] systemd[1]: Listening on Device-mapper event daemon FIFOs.
[[0;32m  OK  [0m] Listening on Device-mapper event daemon FIFOs.
[    9.874930] systemd[1]: Created slice User and Session Slice.
[[0;32m  OK  [0m] Created slice User and Session Slice.
[    9.878935] systemd[1]: Created slice System Slice.
[[0;32m  OK  [0m] Created slice System Slice.
[    9.882561] systemd[1]: Created slice system-serial\x2dgetty.slice.
[[0;32m  OK  [0m] Created slice system-serial\x2dgetty.slice.
[    9.886378] systemd[1]: Reached target Slices.
[[0;32m  OK  [0m] Reached target Slices.
[    9.889434] systemd[1]: Listening on /dev/initctl Compatibility Named Pipe.
[[0;32m  OK  [0m] Listening on /dev/initctl Compatibility Named Pipe.
[    9.893436] systemd[1]: Reached target Swap.
[[0;32m  OK  [0m] Reached target Swap.
[    9.896495] systemd[1]: Set up automount Arbitrary Executable File Formats File System Automount Point.
[[0;32m  OK  [0m] Set up automount Arbitrary Executab...ats File System Automount Point.
[    9.902066] systemd[1]: Listening on Journal Socket (/dev/log).
[[0;32m  OK  [0m] Listening on Journal Socket (/dev/log).
[    9.905714] systemd[1]: Listening on LVM2 poll daemon socket.
[[0;32m  OK  [0m] Listening on LVM2 poll daemon socket.
[    9.909380] systemd[1]: Started Trigger resolvconf update for networkd DNS.
[[0;32m  OK  [0m] Started Trigger resolvconf update for networkd DNS.
[    9.913424] systemd[1]: Listening on Syslog Socket.
[[0;32m  OK  [0m] Listening on Syslog Socket.
[    9.916574] systemd[1]: Listening on Journal Socket.
[[0;32m  OK  [0m] Listening on Journal Socket.
[    9.934123] systemd[1]: Starting Set console keymap...
         Starting Set console keymap...
[    9.943643] systemd[1]: Starting Journal Service...
         Starting Journal Service...
[    9.947562] systemd[1]: Starting Uncomplicated firewall...
         Starting Uncomplicated firewall...
[    9.954673] systemd[1]: Starting File System Check on Root Device...
         Starting File System Check on Root Device...
    9.960366] systemd[1]: Starting Create list of required static device nodes for the current kernel...
         Starting Create list of required st... nodes for the current kernel...
[    9.970097] systemd[1]: Mounting POSIX Message Queue File System...
         Mounting POSIX Message Queue File System...
[    9.978042] systemd[1]: Starting Nameserver information manager...
         Starting Nameserver information manager...
[    9.985949] systemd[1]: Mounting Debug File System...
         Mounting Debug File System...
[    9.989403] systemd[1]: Started Forward Password Requests to Wall Directory Watch.
[[0;32m  OK  [0m] Started Forward Password Requests to Wall Directory Watch.
[    9.995116] systemd[1]: Mounting Huge Pages File System...
         Mounting Huge Pages File System...
[   10.002682] systemd[1]: Reached target User and Group Name Lookups.
[[0;32m  OK  [0m] Reached target User and Group Name Lookups.
[   10.011916] systemd[1]: Starting Load Kernel Modules...
         Starting Load Kernel Modules...
[   10.015312] systemd[1]: Listening on LVM2 metadata daemon socket.
[[0;32m  OK  [0m] Listening on LVM2 metadata daemon socket.
[   10.022257] systemd[1]: Starting Monitoring of LVM2 mirrors, snapshots etc. using dmeventd or progress polling...
         Starting Monitoring of LVM2 mirrors... dmeventd or progress polling...
[   10.031276] systemd[1]: Reached target System Time Synchronized.
[[0;32m  OK  [0m] Reached target System Time Synchronized.
[   10.038731] systemd[1]: Listening on udev Kernel Socket.
[[0;32m  OK  [0m] Listening on udev Kernel Socket.
[   10.043964] systemd[1]: Listening on udev Control Socket.
[   10.049135] Loading iSCSI transport class v2.0-870.
[[0;32m  OK  [0m] Listening on udev Control Socket.
[   10.057472] systemd[1]: Reached target Encrypted Volumes.
[[0;32m  OK  [0m] Reached target Encrypted Volumes.
[   10.068929] iscsi: registered transport (tcp)
[   10.074941] systemd[1]: Mounted Huge Pages File System.
[[0;32m  OK  [0m] Mounted Huge Pages File System.
[   10.078464] systemd[1]: Mounted POSIX Message Queue File System.
[[0;32m  OK  [0m] Mounted POSIX Message Queue File System.
[   10.081961] systemd[1]: Mounted Debug File System.
[[0;32m  OK  [0m] Mounted Debug File System.
[   10.084911] systemd[1]: Started Journal Service.
[[0;32m  OK  [0m] Started Journal Service.
[[0;32m  OK  [0m] Started Set console keymap.
[[0;32m  OK  [0m] Started Uncomplicated firewall.
[[0;32m  OK  [0m] Started File System Check on Root Device.
[[0;32m  OK  [0m] Started Create list of required sta...ce nodes for the current kernel.
[[0;32m  OK  [0m] Started Nameserver information manager.
[[0;32m  OK  [0m] Started LVM2 metadata daemon.
[[0;32m  OK  [0m] Started File System Check Daemon to report status.
         Starting Create Static Device Nodes in /dev...
         Starting Remount Root and Kernel File Systems...
[   10.135421] EXT4-fs (sda1): re-mounted. Opts: (null)
[[0;32m  OK  [0m] Started Remount Root and Kernel File Systems.
[   10.140949] iscsi: registered transport (iser)
         Starting Load/Save Random Seed...
         Starting udev Coldplug all Devices...
         Starting Flush Journal to Persistent Storage...
[[0;32m  OK  [0m] Started Load Kernel Modules.
[[0;32m  OK  [0m] Started Load/Save Random Seed.
         Starting Apply Kernel Variables...
         Mounting FUSE Control File System...
[[0;32m  OK  [0m] Mounted FUSE Control File System.
[[0;32m  OK  [0m] Started Apply Kernel Variables.
[[0;32m  OK  [0m] Started Flush Journal to Persistent Storage.
[[0;32m  OK  [0m] Started Create Static Device Nodes in /dev.
         Starting udev Kernel Device Manager...
[[0;32m  OK  [0m] Started udev Kernel Device Manager.
[[0;32m  OK  [0m] Started udev Coldplug all Devices.
[[0;32m  OK  [0m] Started Dispatch Password Requests to Console Directory Watch.
[[0;32m  OK  [0m] Started Monitoring of LVM2 mirrors,...ng dmeventd or progress polling.
[[0;32m  OK  [0m] Reached target Local File Systems (Pre).
[[0;32m  OK  [0m] Reached target Local File Systems.
         Starting Set console font and keymap...
         Starting Tell Plymouth To Write Out Runtime Data...
         Starting Commit a transient machine-id on disk...
         Starting Create Volatile Files and Directories...
         Starting Initial cloud-init job (pre-networking)...
         Starting LSB: AppArmor initialization...
[[0;32m  OK  [0m] Started Tell Plymouth To Write Out Runtime Data.
[[0;32m  OK  [0m] Started Create Volatile Files and Directories.
         Starting Update UTMP about System Boot/Shutdown...
[[0;32m  OK  [0m] Started Update UTMP about System Boot/Shutdown.
[[0;32m  OK  [0m] Started Commit a transient machine-id on disk.
[[0;32m  OK  [0m] Found device /dev/ttyS0.
[[0;32m  OK  [0m] Listening on Load/Save RF Kill Switch Status /dev/rfkill Watch.
[   12.071241] cloud-init[506]: Cloud-init v. 21.1-19-gbad84ad4-0ubuntu1~16.04.2 running 'init-local' at Sun, 20 Nov 2022 19:22:12 +0000. Up 11.33 seconds.
[[0;32m  OK  [0m] Started Initial cloud-init job (pre-networking).
[[0;32m  OK  [0m] Reached target Network (Pre).
[[0;32m  OK  [0m] Started Set console font and keymap.
[[0;32m  OK  [0m] Created slice system-getty.slice.
[[0;32m  OK  [0m] Started LSB: AppArmor initialization.
         Starting Raise network interfaces...
         Starting Load AppArmor profiles managed internally by snapd...
[[0;32m  OK  [0m] Started Load AppArmor profiles managed internally by snapd.
[[0;32m  OK  [0m] Started Raise network interfaces.
         Starting Initial cloud-init job (metadata service crawler)...
[[0;32m  OK  [0m] Reached target Network.
[   15.000695] cloud-init[965]: Cloud-init v. 21.1-19-gbad84ad4-0ubuntu1~16.04.2 running 'init' at Sun, 20 Nov 2022 19:22:15 +0000. Up 14.19 seconds.
[   15.003042] cloud-init[965]: ci-info: ++++++++++++++++++++++++++++++++++++++Net device info+++++++++++++++++++++++++++++++++++++++
[   15.005469] cloud-init[965]: ci-info: +--------+-------+----------------------------+---------------+--------+-------------------+
[   15.012345] cloud-init[965]: ci-info: | Device |   Up  |          Address           |      Mask     | Scope  |     Hw-Address    |
[   15.020586] cloud-init[965]: ci-info: +--------+-------+----------------------------+---------------+--------+-------------------+
[   15.028551] cloud-init[965]: ci-info: | enp0s3 |  True |         10.0.2.15          | 255.255.255.0 | global | 02:be:82:6b:cc:1d |
[   15.030718] cloud-init[965]: ci-info: | enp0s3 |  True | fe80::be:82ff:fe6b:cc1d/64 |       .       |  link  | 02:be:82:6b:cc:1d |
[   15.040599] cloud-init[965]: ci-info: | enp0s8 | False |             .              |       .       |   .    | 08:00:27:b7:4f:37 |
[   15.042858] cloud-init[965]: ci-info: |   lo   |  True |         127.0.0.1          |   255.0.0.0   |  host  |         .         |
[   15.045520] cloud-init[965]: ci-info: |   lo   |  True |          ::1/128           |       .       |  host  |         .         |
[   15.052417] cloud-init[965]: ci-info: +--------+-------+----------------------------+---------------+--------+-------------------+
[   15.060515] cloud-init[965]: ci-info: +++++++++++++++++++++++++++Route IPv4 info++++++++++++++++++++++++++++
[   15.062452] cloud-init[965]: ci-info: +-------+-------------+----------+---------------+-----------+-------+
[   15.072512] cloud-init[965]: ci-info: | Route | Destination | Gateway  |    Genmask    | Interface | Flags |
[   15.074241] cloud-init[965]: ci-info: +-------+-------------+----------+---------------+-----------+-------+
[   15.076611] cloud-init[965]: ci-info: |   0   |   0.0.0.0   | 10.0.2.2 |    0.0.0.0    |   enp0s3  |   UG  |
[   15.078703] cloud-init[965]: ci-info: |   1   |   10.0.2.0  | 0.0.0.0  | 255.255.255.0 |   enp0s3  |   U   |
[   15.080970] cloud-init[965]: ci-info: +-------+-------------+----------+---------------+-----------+-------+
[   15.088976] cloud-init[965]: ci-info: +++++++++++++++++++Route IPv6 info+++++++++++++++++++
[   15.090633] cloud-init[965]: ci-info: +-------+-------------+---------+-----------+-------+
[   15.096292] cloud-init[965]: ci-info: | Route | Destination | Gateway | Interface | Flags |
[   15.096550] cloud-init[965]: ci-info: +-------+-------------+---------+-----------+-------+
[   15.097227] cloud-init[965]: ci-info: |   0   |  fe80::/64  |    ::   |   enp0s3  |   U   |
[[0;32m  OK  [0m] [   15.097610] Started Initial cloud-init job (metadata service crawler).cloud-init[965]: ci-info: |   3   |   ff00::/8  |    ::   |   enp0s3  |   U   |
[   15.098940] cloud-init[965]: ci-info: +-------+-------------+---------+-----------+-------+
[   15.099188] cloud-init[965]: Generating public/private rsa key pair.

[[0;32m  OK  [0m] Reached target Cloud-config availability.
[[0;32m  OK  [0m] Reached target Network is Online.
[   15.099359] cloud-init[965]: Your identification has been saved in /etc/ssh/ssh_host_rsa_key.
[   15.109420] cloud-init[965]: Your public key has been saved in /etc/ssh/ssh_host_rsa_key.pub.
[   15.116902] cloud-init[965]: The key fingerprint is:
         Starting iSCSI initiator daemon (iscsid)...
[[0;32m  OK  [0m] Reached target System Initialization.
[[0;32m  OK  [0m] Listening on UUID daemon activation socket.
[   15.125446] cloud-init[965]: SHA256:4svyXWduMbcMc4+GxzbhL5u4ya5qyo/nOx1e2eVuFUE root@ubuntu-xenial
[   15.129437] cloud-init[965]: The key's randomart image is:
         Starting LXD - unix socket.
[   15.142807] cloud-init[965]: +---[RSA 2048]----+         Starting Socket activation for snappy daemon.

[   15.145477] [[0;32m  OK  [0m] Started ACPI Events Check.
[[0;32m  OK  [0m] Reached target Paths.
cloud-init[965]: |              .E |
[[0;32m  OK  [0m] Listening on ACPID Listen Socket.
[[0;32m  OK  [0m] Started Daily Cleanup of Temporary Directories.
[[0;32m  OK  [0m] Started Daily apt download activities.
[[0;32m  OK  [0m] Started Message of the Day.
[[0;32m  OK  [0m] Started Ubuntu Advantage update messaging.
[[0;32m  OK  [0m] Listening on D-Bus System Message Bus Socket.
[[0;32m  OK  [0m] Started Daily apt upgrade and clean activities.
[[0;32m  OK  [0m] Reached target Timers.
[   15.154406] cloud-init[965]: |               . |
[   15.160822] [[0;32m  OK  [0m] Listening on LXD - unix socket.
[[0;32m  OK  [0m] Listening on Socket activation for snappy daemon.
[[0;32m  OK  [0m] Reached target Sockets.
[[0;32m  OK  [0m] Reached target Basic System.
cloud-init[965]: |                .|
[[0;32m  OK  [0m] Started D-Bus System Message Bus.
[   15.164887] cloud-init[965]: |               ..|
[   15.174085] cloud-init[965]: |      . S    o o.|
[   15.184467] cloud-init[965]: |     . .  . B = o|
[   15.185710] cloud-init[965]: |      .  o.oo% *.|
[   15.192346] cloud-init[965]: |    .o ++.o=oo%.+|
[   15.193618] cloud-init[965]: |     oB**+.+B=o*.|
[   15.195001] cloud-init[965]: +----[SHA256]-----+
[   15.204780] cloud-init[965]: Generating public/private dsa key pair.
[   15.205935] cloud-init[965]: Your identification has been saved in /etc/ssh/ssh_host_dsa_key.
[   15.207399] cloud-init[965]: Your public key has been saved in /etc/ssh/ssh_host_dsa_key.pub.
         Starting LXD - container startup/shutdown...
         Starting /etc/rc.local Compatibility...
         Starting LSB: MD monitoring daemon...
[[0;32m  OK  [0m] Started FUSE filesystem for LXC.
         Starting Virtualbox guest utils...
         Starting System Logging Service...
[   15.222877] cloud-init[965]: The key fingerprint is:
[   15.259851] cloud-init[965]: SHA256:xxoTciBPFjFPLW82iJaCy8f1FQPBXKr4UaFYrqWFjwQ root@ubuntu-xenial         Starting Accounts Service...

[[0;32m  OK  [0m] Started Deferred execution scheduler.
[   15.274936] cloud-init[965]: The key's randomart image is:
[   15.278154] cloud-init[965]: +---[DSA 1024]----+
[[0;32m  OK  [0m] Started ACPI event daemon.
[   15.295047] cloud-init[965]: |  E . O===.      |
[   15.298385] cloud-init[965]: |   . X *+o+      |
[   15.304395] cloud-init[965]: |   .+ Bo*+ o     |
[   15.305513] cloud-init[965]: |  ...O==.o*      |
[   15.306766] cloud-init[965]: | . o=++.S+o.     |
[   15.313392]          Starting Snap Daemon...
cloud-init[965]: |  o o. ..=       |
[[0;32m  OK  [0m] Started Regular background program processing daemon.
         Starting LSB: Record successful boot for GRUB...
         Starting Login Service...
[   15.329211]          Starting Pollinate to seed the pseudo random number generator...
[[0;32m  OK  [0m] Started System Logging Service.
[[0;32m  OK  [0m] Started iSCSI initiator daemon (iscsid).
[[0;32m  OK  [0m] Started /etc/rc.local Compatibility.
cloud-init[965]: |   .  . .        |
[   15.348337] cloud-init[965]: |                 |
[   15.358613] cloud-init[965]: |                 |         Starting Authenticate and Authorize Users to Run Privileged Tasks...
         Starting Login to default iSCSI targets...

[   15.376484] cloud-init[965]: +----[SHA256]-----+
[   15.394075] cloud-init[965]: Generating public/private ecdsa key pair.
[   15.401300] [[0;32m  OK  [0m] Started Login Service.
cloud-init[965]: Your identification has been saved in /etc/ssh/ssh_host_ecdsa_key.
[   15.410369] cloud-init[965]: Your public key has been saved in /etc/ssh/ssh_host_ecdsa_key.pub.
[   15.416471] cloud-init[965]: The key fingerprint is:
[[0;32m  OK  [0m] Started Unattended Upgrades Shutdown.
[[0;32m  OK  [0m] Started LSB: MD monitoring daemon.
[   15.425428] cloud-init[965]: SHA256:96QxIqZ2QrApA3ryvWvUx6iIiUOJPndOLjwg00Up9uA root@ubuntu-xenial
[[0;32m  OK  [0m] Started Login to default iSCSI targets.
[[0;32m  OK  [0m] Started LSB: Record successful boot for GRUB.
[[   15.450134] cloud-init[965]: The key's randomart image is:
[   15.457004] cloud-init[0;32m  OK  [0m] Reached target Remote File Systems (Pre).
[[0;32m  OK  [0m] Reached target Remote File Systems.
[965]: +---[ECDSA 256]---+
[   15.470276] cloud-init[965]: |     .           |
         Starting Permit User Sessions...
         Starting LSB: automatic crash report generation...
         Starting LSB: Set the CPU Frequency Scaling governor to "ondemand"...
         Starting LSB: daemon to balance interrupts for SMP systems...
[[0;32m  OK  [0m] Started LXD - container startup/shutdown.
[[0;32m  OK  [0m] Started Permit User Sessions.
[   15.479921] cloud-init[965]: |  + o            |
[[0;32m  OK  [0m] Started Authenticate and Authorize Users to Run Privileged Tasks.
[[0;32m  OK  [0m] Started Accounts Service.
[   15.517961] cloud-init[965]: |.o.=             |
[   15.532905] cloud-init[965]: |o E+o            |
[   15.536594] cloud-init[965]: |*.=...ooS + .    |
[   15.538411] cloud-init[965]: |+X.o.oo.oo *     |
[   15.543002] cloud-init[965]: |=++o=o..  . .    |
[   15.544474] cloud-init[965]: |=o.*==           |
[   15.556281] cloud-init[965]: | .o.B+           |
[   15.559486] cloud-init[965]: +----[SHA256]-----+
[   15.562205] cloud-init[965]: Generating public/private ed25519 key pair.
         Starting Terminate Plymouth Boot Screen...
         Starting Hold until boot process finishes up...
[   15.567005] cloud-init[965]: Your identification has been saved in /etc/ssh/ssh_host_ed25519_key.
[   15.569124] cloud-init[965]: Your public key has been saved in /etc/ssh/ssh_host_ed25519_key.pub.
[   15.572527] cloud-init[965]: The key fingerprint is:
[   15.575616] cloud-init[965]: SHA256:+27WPHx+9PZEb+c7Kc3q6GrDnDj8lTqwL6Y7OKVqasw root@ubuntu-xenial
[   15.576469] cloud-init[965]: The key's randomart image is:
[[   15.577712] cloud-init[965]: +--[ED25519 256]--+
[   15.577902] cloud-init[965]: |                 |
[0;32m  OK  [0m] Started LSB: automatic crash report generation.[   15.580099] cloud-init[965]: |                 |
[   15.582542] cloud-init[965]: |                 |
[   15.582663] cloud-init[965]: |                 |

[   15.586033] cloud-init[965]: |        S       .|
[   15.587715] cloud-init[965]: |     . . .  .  .o|
[   15.592505] cloud-init[965]: |o   + . B .*  o.B|
[   15.592794] cloud-init[965]: | E + . B O= *..O=|
[   15.593341] cloud-init[965]: |=.. .o= *OBo.*++*|
[   15.593612] cloud-init[965]: +----[SHA256]-----+
[[0;32m  OK  [0m] Started LSB: Set the CPU Frequency Scaling governor to "ondemand".
[[0;32m  OK  [0m] Started Terminate Plymouth Boot Screen.
[[0;32m  OK  [0m] Started Hold until boot process finishes up.
         Starting Set console scheme...
[[0;32m  OK  [0m] Started Serial Getty on ttyS0.
[[0;32m  OK  [0m] Started Getty on tty1.
[[0;32m  OK  [0m] Reached target Login Prompts.
[[0;32m  OK  [0m] Started LSB: daemon to balance interrupts for SMP systems.
[[0;32m  OK  [0m] Started Set console scheme.
[[0;32m  OK  [0m] Started Virtualbox guest utils.
[[0;32m  OK  [0m] Started Snap Daemon.
         Starting Wait until snapd is fully seeded...
[[0;32m  OK  [0m] Started Pollinate to seed the pseudo random number generator.
         Starting OpenBSD Secure Shell server...
[[0;32m  OK  [0m] Started OpenBSD Secure Shell server.
[[0;32m  OK  [0m] Created slice User Slice of vagrant.
         Starting User Manager for UID 1000...
[[0;32m  OK  [0m] Started Session 1 of user vagrant.
[[0;32m  OK  [0m] Started User Manager for UID 1000.
[[0;32m  OK  [0m] Started Wait until snapd is fully seeded.
[[0;32m  OK  [0m] Reached target Multi-User System.
[[0;32m  OK  [0m] Reached target Graphical Interface.
         Starting Update UTMP about System Runlevel Changes...
         Starting Apply the settings specified in cloud-config...
[[0;32m  OK  [0m] Started Update UTMP about System Runlevel Changes.
[   19.321178] cloud-init[1379]: Generating locales (this might take a while)...
[   21.487723] cloud-init[1379]:   en_US.UTF-8... done
[   21.489424] cloud-init[1379]: Generation complete.

Ubuntu 16.04.7 LTS ubuntu-xenial ttyS0

ubuntu-xenial login: [   22.034713] cloud-init[1379]: Cloud-init v. 21.1-19-gbad84ad4-0ubuntu1~16.04.2 running 'modules:config' at Sun, 20 Nov 2022 19:22:20 +0000. Up 19.09 seconds.
ci-info: no authorized SSH keys fingerprints found for user ubuntu.
<14>Nov 20 19:22:24 ec2: 
<14>Nov 20 19:22:24 ec2: #############################################################
<14>Nov 20 19:22:24 ec2: -----BEGIN SSH HOST KEY FINGERPRINTS-----
<14>Nov 20 19:22:24 ec2: 1024 SHA256:xxoTciBPFjFPLW82iJaCy8f1FQPBXKr4UaFYrqWFjwQ root@ubuntu-xenial (DSA)
<14>Nov 20 19:22:24 ec2: 256 SHA256:96QxIqZ2QrApA3ryvWvUx6iIiUOJPndOLjwg00Up9uA root@ubuntu-xenial (ECDSA)
<14>Nov 20 19:22:24 ec2: 256 SHA256:+27WPHx+9PZEb+c7Kc3q6GrDnDj8lTqwL6Y7OKVqasw root@ubuntu-xenial (ED25519)
<14>Nov 20 19:22:24 ec2: 2048 SHA256:4svyXWduMbcMc4+GxzbhL5u4ya5qyo/nOx1e2eVuFUE root@ubuntu-xenial (RSA)
<14>Nov 20 19:22:24 ec2: -----END SSH HOST KEY FINGERPRINTS-----
<14>Nov 20 19:22:24 ec2: #############################################################
-----BEGIN SSH HOST KEY KEYS-----
ecdsa-sha2-nistp256 AAAAE2VjZHNhLXNoYTItbmlzdHAyNTYAAAAIbmlzdHAyNTYAAABBBN3tn2zB4SNJ9kemJvOK4t7/BsLUQkhZdwNH6ECd3qPT8czSNUi4uigtoQJb3I6RoyTuxsCeqwwt4OZ9laRHAYo= root@ubuntu-xenial
ssh-ed25519 AAAAC3NzaC1lZDI1NTE5AAAAIOLEqk4DBZHO+04vFZI2l3wTc5s08s95VoQrXUdk80qe root@ubuntu-xenial
ssh-rsa AAAAB3NzaC1yc2EAAAADAQABAAABAQDoRh+njGdLYT2T2dU3WfkFq2uxntaWivdwKwPu8x77CyLnhx1w06ERNm1xaRl6wh27rfIGJa8DcBScmCwrIcrnRSgAfqvJartQO5a4WlGmIiyQre3OVLz2TB9V6b+7ZlMnc2bRx+sW+Vf+nshX4OAIhVN3VL/I4KF970FCxFzLz5vDq/EABoEvtRnnKOwvAmvhVirPWO6yvNcygW14YxdDOE/Rt2GW3ORn5NmsMhcE32rsa9b0fjoHDoC37lxXUZ/FR+Lhl4FzrJwQ1oOHFq/yiHXctcX2pqSAVo4c6uepwbKUIf+MXT0w356Y4mComB6ftFJUEV/qSWr8jXIV7Hub root@ubuntu-xenial
-----END SSH HOST KEY KEYS-----
[   23.054339] cloud-init[1582]: Cloud-init v. 21.1-19-gbad84ad4-0ubuntu1~16.04.2 running 'modules:final' at Sun, 20 Nov 2022 19:22:24 +0000. Up 22.75 seconds.
[   23.054652] cloud-init[1582]: ci-info: no authorized SSH keys fingerprints found for user ubuntu.
[   23.055571] cloud-init[1582]: Cloud-init v. 21.1-19-gbad84ad4-0ubuntu1~16.04.2 finished at Sun, 20 Nov 2022 19:22:24 +0000. Datasource DataSourceNoCloud [seed=/dev/sdb][dsmode=net].  Up 23.04 seconds
